{"C:\\Users\\25448\\Desktop\\uniquenames_net\\backend\\openrouter.js": {"path":"C:\\Users\\25448\\Desktop\\uniquenames_net\\backend\\openrouter.js","statementMap":{"0":{"start":{"line":9,"column":4},"end":{"line":11,"column":5}},"1":{"start":{"line":10,"column":6},"end":{"line":10,"column":45}},"2":{"start":{"line":13,"column":4},"end":{"line":13,"column":25}},"3":{"start":{"line":14,"column":4},"end":{"line":14,"column":23}},"4":{"start":{"line":17,"column":4},"end":{"line":24,"column":7}},"5":{"start":{"line":33,"column":4},"end":{"line":53,"column":5}},"6":{"start":{"line":34,"column":21},"end":{"line":43,"column":8}},"7":{"start":{"line":45,"column":6},"end":{"line":50,"column":7}},"8":{"start":{"line":46,"column":24},"end":{"line":46,"column":56}},"9":{"start":{"line":47,"column":8},"end":{"line":49,"column":9}},"10":{"start":{"line":48,"column":10},"end":{"line":48,"column":24}},"11":{"start":{"line":52,"column":6},"end":{"line":52,"column":64}},"12":{"start":{"line":62,"column":4},"end":{"line":77,"column":5}},"13":{"start":{"line":63,"column":23},"end":{"line":72,"column":8}},"14":{"start":{"line":74,"column":6},"end":{"line":74,"column":57}},"15":{"start":{"line":76,"column":6},"end":{"line":76,"column":64}}},"fnMap":{"0":{"name":"(anonymous_0)","decl":{"start":{"line":8,"column":2},"end":{"line":8,"column":3}},"loc":{"start":{"line":8,"column":61},"end":{"line":25,"column":3}},"line":8},"1":{"name":"(anonymous_1)","decl":{"start":{"line":32,"column":2},"end":{"line":32,"column":3}},"loc":{"start":{"line":32,"column":31},"end":{"line":54,"column":3}},"line":32},"2":{"name":"(anonymous_2)","decl":{"start":{"line":61,"column":2},"end":{"line":61,"column":3}},"loc":{"start":{"line":61,"column":34},"end":{"line":78,"column":3}},"line":61}},"branchMap":{"0":{"loc":{"start":{"line":8,"column":22},"end":{"line":8,"column":59}},"type":"default-arg","locations":[{"start":{"line":8,"column":30},"end":{"line":8,"column":59}}],"line":8},"1":{"loc":{"start":{"line":9,"column":4},"end":{"line":11,"column":5}},"type":"if","locations":[{"start":{"line":9,"column":4},"end":{"line":11,"column":5}},{"start":{},"end":{}}],"line":9},"2":{"loc":{"start":{"line":47,"column":8},"end":{"line":49,"column":9}},"type":"if","locations":[{"start":{"line":47,"column":8},"end":{"line":49,"column":9}},{"start":{},"end":{}}],"line":47},"3":{"loc":{"start":{"line":74,"column":13},"end":{"line":74,"column":56}},"type":"binary-expr","locations":[{"start":{"line":74,"column":13},"end":{"line":74,"column":50}},{"start":{"line":74,"column":54},"end":{"line":74,"column":56}}],"line":74}},"s":{"0":3,"1":1,"2":2,"3":2,"4":2,"5":0,"6":0,"7":0,"8":0,"9":0,"10":0,"11":0,"12":0,"13":0,"14":0,"15":0},"f":{"0":3,"1":0,"2":0},"b":{"0":[3],"1":[1,2],"2":[0,0],"3":[0,0]},"inputSourceMap":null,"_coverageSchema":"1a1c01bbd47fc00a2c39e90264f33305004495a9","hash":"11a0093f291df738b0f48459ad980a696700f533"}
,"C:\\Users\\25448\\Desktop\\uniquenames_net\\backend\\server.js": {"path":"C:\\Users\\25448\\Desktop\\uniquenames_net\\backend\\server.js","statementMap":{"0":{"start":{"line":8,"column":0},"end":{"line":8,"column":16}},"1":{"start":{"line":10,"column":12},"end":{"line":10,"column":21}},"2":{"start":{"line":11,"column":13},"end":{"line":11,"column":37}},"3":{"start":{"line":14,"column":0},"end":{"line":14,"column":16}},"4":{"start":{"line":15,"column":0},"end":{"line":15,"column":24}},"5":{"start":{"line":18,"column":0},"end":{"line":20,"column":3}},"6":{"start":{"line":19,"column":2},"end":{"line":19,"column":71}},"7":{"start":{"line":23,"column":0},"end":{"line":61,"column":3}},"8":{"start":{"line":24,"column":22},"end":{"line":24,"column":30}},"9":{"start":{"line":27,"column":2},"end":{"line":29,"column":3}},"10":{"start":{"line":28,"column":4},"end":{"line":28,"column":66}},"11":{"start":{"line":31,"column":2},"end":{"line":60,"column":3}},"12":{"start":{"line":33,"column":4},"end":{"line":33,"column":55}},"13":{"start":{"line":34,"column":4},"end":{"line":34,"column":47}},"14":{"start":{"line":35,"column":4},"end":{"line":35,"column":46}},"15":{"start":{"line":38,"column":19},"end":{"line":38,"column":42}},"16":{"start":{"line":41,"column":19},"end":{"line":41,"column":49}},"17":{"start":{"line":42,"column":4},"end":{"line":44,"column":5}},"18":{"start":{"line":43,"column":6},"end":{"line":43,"column":59}},"19":{"start":{"line":46,"column":19},"end":{"line":46,"column":47}},"20":{"start":{"line":49,"column":4},"end":{"line":51,"column":5}},"21":{"start":{"line":50,"column":6},"end":{"line":50,"column":67}},"22":{"start":{"line":54,"column":4},"end":{"line":54,"column":34}},"23":{"start":{"line":55,"column":4},"end":{"line":55,"column":14}},"24":{"start":{"line":57,"column":4},"end":{"line":57,"column":52}},"25":{"start":{"line":58,"column":4},"end":{"line":58,"column":71}},"26":{"start":{"line":59,"column":4},"end":{"line":59,"column":14}},"27":{"start":{"line":64,"column":0},"end":{"line":68,"column":1}},"28":{"start":{"line":65,"column":2},"end":{"line":67,"column":5}},"29":{"start":{"line":66,"column":4},"end":{"line":66,"column":68}}},"fnMap":{"0":{"name":"(anonymous_0)","decl":{"start":{"line":18,"column":23},"end":{"line":18,"column":24}},"loc":{"start":{"line":18,"column":37},"end":{"line":20,"column":1}},"line":18},"1":{"name":"(anonymous_1)","decl":{"start":{"line":23,"column":32},"end":{"line":23,"column":33}},"loc":{"start":{"line":23,"column":52},"end":{"line":61,"column":1}},"line":23},"2":{"name":"(anonymous_2)","decl":{"start":{"line":65,"column":19},"end":{"line":65,"column":20}},"loc":{"start":{"line":65,"column":25},"end":{"line":67,"column":3}},"line":65}},"branchMap":{"0":{"loc":{"start":{"line":11,"column":13},"end":{"line":11,"column":37}},"type":"binary-expr","locations":[{"start":{"line":11,"column":13},"end":{"line":11,"column":29}},{"start":{"line":11,"column":33},"end":{"line":11,"column":37}}],"line":11},"1":{"loc":{"start":{"line":27,"column":2},"end":{"line":29,"column":3}},"type":"if","locations":[{"start":{"line":27,"column":2},"end":{"line":29,"column":3}},{"start":{},"end":{}}],"line":27},"2":{"loc":{"start":{"line":27,"column":6},"end":{"line":27,"column":39}},"type":"binary-expr","locations":[{"start":{"line":27,"column":6},"end":{"line":27,"column":14}},{"start":{"line":27,"column":18},"end":{"line":27,"column":39}}],"line":27},"3":{"loc":{"start":{"line":42,"column":4},"end":{"line":44,"column":5}},"type":"if","locations":[{"start":{"line":42,"column":4},"end":{"line":44,"column":5}},{"start":{},"end":{}}],"line":42},"4":{"loc":{"start":{"line":64,"column":0},"end":{"line":68,"column":1}},"type":"if","locations":[{"start":{"line":64,"column":0},"end":{"line":68,"column":1}},{"start":{},"end":{}}],"line":64}},"s":{"0":1,"1":1,"2":1,"3":1,"4":1,"5":1,"6":1,"7":1,"8":2,"9":2,"10":2,"11":0,"12":0,"13":0,"14":0,"15":0,"16":0,"17":0,"18":0,"19":0,"20":0,"21":0,"22":0,"23":0,"24":0,"25":0,"26":0,"27":1,"28":0,"29":0},"f":{"0":1,"1":2,"2":0},"b":{"0":[1,1],"1":[2,0],"2":[2,0],"3":[0,0],"4":[0,1]},"inputSourceMap":null,"_coverageSchema":"1a1c01bbd47fc00a2c39e90264f33305004495a9","hash":"d44a217cad49425e7a4a1d8a4b4cfa2b8adf1d6d"}
,"C:\\Users\\25448\\Desktop\\uniquenames_net\\backend\\prompts\\generator.js": {"path":"C:\\Users\\25448\\Desktop\\uniquenames_net\\backend\\prompts\\generator.js","statementMap":{"0":{"start":{"line":5,"column":19},"end":{"line":5,"column":49}},"1":{"start":{"line":6,"column":18},"end":{"line":6,"column":42}},"2":{"start":{"line":14,"column":2},"end":{"line":16,"column":3}},"3":{"start":{"line":15,"column":4},"end":{"line":15,"column":48}},"4":{"start":{"line":19,"column":23},"end":{"line":19,"column":80}},"5":{"start":{"line":20,"column":19},"end":{"line":20,"column":57}},"6":{"start":{"line":23,"column":17},"end":{"line":23,"column":88}},"7":{"start":{"line":25,"column":2},"end":{"line":25,"column":16}}},"fnMap":{"0":{"name":"generatePrompt","decl":{"start":{"line":13,"column":16},"end":{"line":13,"column":30}},"loc":{"start":{"line":13,"column":44},"end":{"line":26,"column":1}},"line":13}},"branchMap":{"0":{"loc":{"start":{"line":14,"column":2},"end":{"line":16,"column":3}},"type":"if","locations":[{"start":{"line":14,"column":2},"end":{"line":16,"column":3}},{"start":{},"end":{}}],"line":14},"1":{"loc":{"start":{"line":14,"column":6},"end":{"line":14,"column":47}},"type":"binary-expr","locations":[{"start":{"line":14,"column":6},"end":{"line":14,"column":18}},{"start":{"line":14,"column":22},"end":{"line":14,"column":47}}],"line":14}},"s":{"0":2,"1":2,"2":3,"3":1,"4":2,"5":2,"6":2,"7":2},"f":{"0":3},"b":{"0":[1,2],"1":[3,2]},"inputSourceMap":null,"_coverageSchema":"1a1c01bbd47fc00a2c39e90264f33305004495a9","hash":"af0229ad817ae0b12a60aa73c841e823ab1e09e0"}
}
