{"C:\\Users\\25448\\Desktop\\uniquenames_net\\backend\\openrouter.js": {"path":"C:\\Users\\25448\\Desktop\\uniquenames_net\\backend\\openrouter.js","statementMap":{"0":{"start":{"line":9,"column":4},"end":{"line":11,"column":5}},"1":{"start":{"line":10,"column":6},"end":{"line":10,"column":45}},"2":{"start":{"line":13,"column":4},"end":{"line":13,"column":25}},"3":{"start":{"line":14,"column":4},"end":{"line":14,"column":23}},"4":{"start":{"line":17,"column":4},"end":{"line":24,"column":7}},"5":{"start":{"line":33,"column":4},"end":{"line":65,"column":5}},"6":{"start":{"line":34,"column":21},"end":{"line":43,"column":8}},"7":{"start":{"line":45,"column":22},"end":{"line":45,"column":26}},"8":{"start":{"line":47,"column":6},"end":{"line":57,"column":7}},"9":{"start":{"line":48,"column":24},"end":{"line":48,"column":56}},"10":{"start":{"line":49,"column":8},"end":{"line":51,"column":9}},"11":{"start":{"line":50,"column":10},"end":{"line":50,"column":41}},"12":{"start":{"line":54,"column":8},"end":{"line":56,"column":9}},"13":{"start":{"line":55,"column":10},"end":{"line":55,"column":34}},"14":{"start":{"line":60,"column":6},"end":{"line":62,"column":7}},"15":{"start":{"line":61,"column":8},"end":{"line":61,"column":50}},"16":{"start":{"line":64,"column":6},"end":{"line":64,"column":64}},"17":{"start":{"line":74,"column":4},"end":{"line":89,"column":5}},"18":{"start":{"line":75,"column":23},"end":{"line":84,"column":8}},"19":{"start":{"line":86,"column":6},"end":{"line":86,"column":57}},"20":{"start":{"line":88,"column":6},"end":{"line":88,"column":64}}},"fnMap":{"0":{"name":"(anonymous_0)","decl":{"start":{"line":8,"column":2},"end":{"line":8,"column":3}},"loc":{"start":{"line":8,"column":61},"end":{"line":25,"column":3}},"line":8},"1":{"name":"(anonymous_1)","decl":{"start":{"line":32,"column":2},"end":{"line":32,"column":3}},"loc":{"start":{"line":32,"column":31},"end":{"line":66,"column":3}},"line":32},"2":{"name":"(anonymous_2)","decl":{"start":{"line":73,"column":2},"end":{"line":73,"column":3}},"loc":{"start":{"line":73,"column":34},"end":{"line":90,"column":3}},"line":73}},"branchMap":{"0":{"loc":{"start":{"line":8,"column":22},"end":{"line":8,"column":59}},"type":"default-arg","locations":[{"start":{"line":8,"column":30},"end":{"line":8,"column":59}}],"line":8},"1":{"loc":{"start":{"line":9,"column":4},"end":{"line":11,"column":5}},"type":"if","locations":[{"start":{"line":9,"column":4},"end":{"line":11,"column":5}},{"start":{},"end":{}}],"line":9},"2":{"loc":{"start":{"line":49,"column":8},"end":{"line":51,"column":9}},"type":"if","locations":[{"start":{"line":49,"column":8},"end":{"line":51,"column":9}},{"start":{},"end":{}}],"line":49},"3":{"loc":{"start":{"line":54,"column":8},"end":{"line":56,"column":9}},"type":"if","locations":[{"start":{"line":54,"column":8},"end":{"line":56,"column":9}},{"start":{},"end":{}}],"line":54},"4":{"loc":{"start":{"line":60,"column":6},"end":{"line":62,"column":7}},"type":"if","locations":[{"start":{"line":60,"column":6},"end":{"line":62,"column":7}},{"start":{},"end":{}}],"line":60},"5":{"loc":{"start":{"line":86,"column":13},"end":{"line":86,"column":56}},"type":"binary-expr","locations":[{"start":{"line":86,"column":13},"end":{"line":86,"column":50}},{"start":{"line":86,"column":54},"end":{"line":86,"column":56}}],"line":86}},"s":{"0":3,"1":1,"2":2,"3":2,"4":2,"5":0,"6":0,"7":0,"8":0,"9":0,"10":0,"11":0,"12":0,"13":0,"14":0,"15":0,"16":0,"17":0,"18":0,"19":0,"20":0},"f":{"0":3,"1":0,"2":0},"b":{"0":[3],"1":[1,2],"2":[0,0],"3":[0,0],"4":[0,0],"5":[0,0]},"inputSourceMap":null,"_coverageSchema":"1a1c01bbd47fc00a2c39e90264f33305004495a9","hash":"a484a36c09ffb24eabd4ecdbe1562594478f31bc"}
,"C:\\Users\\25448\\Desktop\\uniquenames_net\\backend\\server.js": {"path":"C:\\Users\\25448\\Desktop\\uniquenames_net\\backend\\server.js","statementMap":{"0":{"start":{"line":14,"column":19},"end":{"line":14,"column":49}},"1":{"start":{"line":15,"column":18},"end":{"line":15,"column":42}},"2":{"start":{"line":18,"column":0},"end":{"line":18,"column":60}},"3":{"start":{"line":20,"column":12},"end":{"line":20,"column":21}},"4":{"start":{"line":21,"column":13},"end":{"line":21,"column":37}},"5":{"start":{"line":24,"column":0},"end":{"line":24,"column":16}},"6":{"start":{"line":25,"column":0},"end":{"line":25,"column":24}},"7":{"start":{"line":28,"column":0},"end":{"line":28,"column":36}},"8":{"start":{"line":29,"column":0},"end":{"line":29,"column":35}},"9":{"start":{"line":32,"column":0},"end":{"line":34,"column":3}},"10":{"start":{"line":33,"column":2},"end":{"line":33,"column":71}},"11":{"start":{"line":37,"column":0},"end":{"line":186,"column":3}},"12":{"start":{"line":38,"column":29},"end":{"line":38,"column":37}},"13":{"start":{"line":40,"column":2},"end":{"line":40,"column":43}},"14":{"start":{"line":41,"column":2},"end":{"line":41,"column":35}},"15":{"start":{"line":42,"column":2},"end":{"line":42,"column":71}},"16":{"start":{"line":43,"column":2},"end":{"line":43,"column":61}},"17":{"start":{"line":46,"column":2},"end":{"line":49,"column":3}},"18":{"start":{"line":47,"column":4},"end":{"line":47,"column":32}},"19":{"start":{"line":48,"column":4},"end":{"line":48,"column":66}},"20":{"start":{"line":52,"column":20},"end":{"line":52,"column":30}},"21":{"start":{"line":53,"column":19},"end":{"line":53,"column":21}},"22":{"start":{"line":55,"column":2},"end":{"line":185,"column":3}},"23":{"start":{"line":57,"column":4},"end":{"line":57,"column":55}},"24":{"start":{"line":58,"column":4},"end":{"line":58,"column":47}},"25":{"start":{"line":59,"column":4},"end":{"line":59,"column":46}},"26":{"start":{"line":60,"column":4},"end":{"line":60,"column":31}},"27":{"start":{"line":63,"column":15},"end":{"line":63,"column":28}},"28":{"start":{"line":64,"column":25},"end":{"line":64,"column":59}},"29":{"start":{"line":67,"column":19},"end":{"line":67,"column":23}},"30":{"start":{"line":69,"column":4},"end":{"line":77,"column":5}},"31":{"start":{"line":70,"column":6},"end":{"line":70,"column":81}},"32":{"start":{"line":72,"column":6},"end":{"line":72,"column":95}},"33":{"start":{"line":73,"column":6},"end":{"line":73,"column":33}},"34":{"start":{"line":75,"column":6},"end":{"line":75,"column":43}},"35":{"start":{"line":76,"column":6},"end":{"line":76,"column":39}},"36":{"start":{"line":79,"column":4},"end":{"line":79,"column":50}},"37":{"start":{"line":82,"column":19},"end":{"line":82,"column":49}},"38":{"start":{"line":83,"column":4},"end":{"line":86,"column":5}},"39":{"start":{"line":84,"column":6},"end":{"line":84,"column":50}},"40":{"start":{"line":85,"column":6},"end":{"line":85,"column":59}},"41":{"start":{"line":87,"column":4},"end":{"line":87,"column":102}},"42":{"start":{"line":89,"column":19},"end":{"line":89,"column":54}},"43":{"start":{"line":90,"column":4},"end":{"line":90,"column":40}},"44":{"start":{"line":91,"column":4},"end":{"line":91,"column":41}},"45":{"start":{"line":93,"column":21},"end":{"line":93,"column":22}},"46":{"start":{"line":94,"column":22},"end":{"line":94,"column":23}},"47":{"start":{"line":95,"column":20},"end":{"line":95,"column":24}},"48":{"start":{"line":98,"column":4},"end":{"line":118,"column":5}},"49":{"start":{"line":100,"column":6},"end":{"line":111,"column":7}},"50":{"start":{"line":101,"column":8},"end":{"line":101,"column":21}},"51":{"start":{"line":102,"column":8},"end":{"line":102,"column":44}},"52":{"start":{"line":103,"column":8},"end":{"line":103,"column":36}},"53":{"start":{"line":106,"column":8},"end":{"line":108,"column":9}},"54":{"start":{"line":107,"column":10},"end":{"line":107,"column":71}},"55":{"start":{"line":110,"column":8},"end":{"line":110,"column":77}},"56":{"start":{"line":114,"column":6},"end":{"line":117,"column":7}},"57":{"start":{"line":115,"column":8},"end":{"line":115,"column":32}},"58":{"start":{"line":116,"column":8},"end":{"line":116,"column":49}},"59":{"start":{"line":120,"column":4},"end":{"line":120,"column":31}},"60":{"start":{"line":121,"column":4},"end":{"line":121,"column":70}},"61":{"start":{"line":124,"column":18},"end":{"line":124,"column":22}},"62":{"start":{"line":125,"column":4},"end":{"line":137,"column":5}},"63":{"start":{"line":128,"column":30},"end":{"line":128,"column":35}},"64":{"start":{"line":129,"column":34},"end":{"line":129,"column":39}},"65":{"start":{"line":131,"column":6},"end":{"line":134,"column":8}},"66":{"start":{"line":136,"column":6},"end":{"line":136,"column":53}},"67":{"start":{"line":140,"column":21},"end":{"line":140,"column":43}},"68":{"start":{"line":141,"column":18},"end":{"line":153,"column":6}},"69":{"start":{"line":154,"column":4},"end":{"line":154,"column":46}},"70":{"start":{"line":157,"column":4},"end":{"line":157,"column":34}},"71":{"start":{"line":158,"column":4},"end":{"line":158,"column":14}},"72":{"start":{"line":160,"column":4},"end":{"line":160,"column":29}},"73":{"start":{"line":161,"column":4},"end":{"line":161,"column":36}},"74":{"start":{"line":163,"column":4},"end":{"line":163,"column":42}},"75":{"start":{"line":164,"column":4},"end":{"line":164,"column":39}},"76":{"start":{"line":165,"column":4},"end":{"line":165,"column":42}},"77":{"start":{"line":166,"column":4},"end":{"line":166,"column":40}},"78":{"start":{"line":167,"column":4},"end":{"line":167,"column":40}},"79":{"start":{"line":170,"column":21},"end":{"line":170,"column":43}},"80":{"start":{"line":171,"column":15},"end":{"line":171,"column":28}},"81":{"start":{"line":172,"column":4},"end":{"line":181,"column":7}},"82":{"start":{"line":183,"column":4},"end":{"line":183,"column":71}},"83":{"start":{"line":184,"column":4},"end":{"line":184,"column":14}},"84":{"start":{"line":189,"column":0},"end":{"line":193,"column":1}},"85":{"start":{"line":190,"column":2},"end":{"line":192,"column":5}},"86":{"start":{"line":191,"column":4},"end":{"line":191,"column":68}}},"fnMap":{"0":{"name":"(anonymous_0)","decl":{"start":{"line":32,"column":23},"end":{"line":32,"column":24}},"loc":{"start":{"line":32,"column":37},"end":{"line":34,"column":1}},"line":32},"1":{"name":"(anonymous_1)","decl":{"start":{"line":37,"column":32},"end":{"line":37,"column":33}},"loc":{"start":{"line":37,"column":52},"end":{"line":186,"column":1}},"line":37},"2":{"name":"(anonymous_2)","decl":{"start":{"line":190,"column":19},"end":{"line":190,"column":20}},"loc":{"start":{"line":190,"column":25},"end":{"line":192,"column":3}},"line":190}},"branchMap":{"0":{"loc":{"start":{"line":21,"column":13},"end":{"line":21,"column":37}},"type":"binary-expr","locations":[{"start":{"line":21,"column":13},"end":{"line":21,"column":29}},{"start":{"line":21,"column":33},"end":{"line":21,"column":37}}],"line":21},"1":{"loc":{"start":{"line":42,"column":26},"end":{"line":42,"column":69}},"type":"binary-expr","locations":[{"start":{"line":42,"column":26},"end":{"line":42,"column":31}},{"start":{"line":42,"column":35},"end":{"line":42,"column":69}}],"line":42},"2":{"loc":{"start":{"line":46,"column":2},"end":{"line":49,"column":3}},"type":"if","locations":[{"start":{"line":46,"column":2},"end":{"line":49,"column":3}},{"start":{},"end":{}}],"line":46},"3":{"loc":{"start":{"line":46,"column":6},"end":{"line":46,"column":39}},"type":"binary-expr","locations":[{"start":{"line":46,"column":6},"end":{"line":46,"column":14}},{"start":{"line":46,"column":18},"end":{"line":46,"column":39}}],"line":46},"4":{"loc":{"start":{"line":69,"column":4},"end":{"line":77,"column":5}},"type":"if","locations":[{"start":{"line":69,"column":4},"end":{"line":77,"column":5}},{"start":{"line":74,"column":11},"end":{"line":77,"column":5}}],"line":69},"5":{"loc":{"start":{"line":83,"column":4},"end":{"line":86,"column":5}},"type":"if","locations":[{"start":{"line":83,"column":4},"end":{"line":86,"column":5}},{"start":{},"end":{}}],"line":83},"6":{"loc":{"start":{"line":100,"column":6},"end":{"line":111,"column":7}},"type":"if","locations":[{"start":{"line":100,"column":6},"end":{"line":111,"column":7}},{"start":{},"end":{}}],"line":100},"7":{"loc":{"start":{"line":106,"column":8},"end":{"line":108,"column":9}},"type":"if","locations":[{"start":{"line":106,"column":8},"end":{"line":108,"column":9}},{"start":{},"end":{}}],"line":106},"8":{"loc":{"start":{"line":114,"column":6},"end":{"line":117,"column":7}},"type":"if","locations":[{"start":{"line":114,"column":6},"end":{"line":117,"column":7}},{"start":{},"end":{}}],"line":114},"9":{"loc":{"start":{"line":125,"column":4},"end":{"line":137,"column":5}},"type":"if","locations":[{"start":{"line":125,"column":4},"end":{"line":137,"column":5}},{"start":{},"end":{}}],"line":125},"10":{"loc":{"start":{"line":142,"column":13},"end":{"line":142,"column":51}},"type":"binary-expr","locations":[{"start":{"line":142,"column":13},"end":{"line":142,"column":18}},{"start":{"line":142,"column":22},"end":{"line":142,"column":51}}],"line":142},"11":{"loc":{"start":{"line":147,"column":20},"end":{"line":147,"column":52}},"type":"binary-expr","locations":[{"start":{"line":147,"column":20},"end":{"line":147,"column":44}},{"start":{"line":147,"column":48},"end":{"line":147,"column":52}}],"line":147},"12":{"loc":{"start":{"line":148,"column":24},"end":{"line":148,"column":60}},"type":"binary-expr","locations":[{"start":{"line":148,"column":24},"end":{"line":148,"column":52}},{"start":{"line":148,"column":56},"end":{"line":148,"column":60}}],"line":148},"13":{"loc":{"start":{"line":149,"column":19},"end":{"line":149,"column":50}},"type":"binary-expr","locations":[{"start":{"line":149,"column":19},"end":{"line":149,"column":42}},{"start":{"line":149,"column":46},"end":{"line":149,"column":50}}],"line":149},"14":{"loc":{"start":{"line":173,"column":13},"end":{"line":173,"column":51}},"type":"binary-expr","locations":[{"start":{"line":173,"column":13},"end":{"line":173,"column":18}},{"start":{"line":173,"column":22},"end":{"line":173,"column":51}}],"line":173},"15":{"loc":{"start":{"line":176,"column":20},"end":{"line":176,"column":53}},"type":"binary-expr","locations":[{"start":{"line":176,"column":20},"end":{"line":176,"column":26}},{"start":{"line":176,"column":30},"end":{"line":176,"column":53}}],"line":176},"16":{"loc":{"start":{"line":189,"column":0},"end":{"line":193,"column":1}},"type":"if","locations":[{"start":{"line":189,"column":0},"end":{"line":193,"column":1}},{"start":{},"end":{}}],"line":189}},"s":{"0":3,"1":3,"2":3,"3":3,"4":3,"5":3,"6":3,"7":3,"8":3,"9":3,"10":1,"11":3,"12":2,"13":2,"14":2,"15":2,"16":2,"17":2,"18":2,"19":2,"20":0,"21":0,"22":0,"23":0,"24":0,"25":0,"26":0,"27":0,"28":0,"29":0,"30":0,"31":0,"32":0,"33":0,"34":0,"35":0,"36":0,"37":0,"38":0,"39":0,"40":0,"41":0,"42":0,"43":0,"44":0,"45":0,"46":0,"47":0,"48":0,"49":0,"50":0,"51":0,"52":0,"53":0,"54":0,"55":0,"56":0,"57":0,"58":0,"59":0,"60":0,"61":0,"62":0,"63":0,"64":0,"65":0,"66":0,"67":0,"68":0,"69":0,"70":0,"71":0,"72":0,"73":0,"74":0,"75":0,"76":0,"77":0,"78":0,"79":0,"80":0,"81":0,"82":0,"83":0,"84":3,"85":0,"86":0},"f":{"0":1,"1":2,"2":0},"b":{"0":[3,3],"1":[2,2],"2":[2,0],"3":[2,0],"4":[0,0],"5":[0,0],"6":[0,0],"7":[0,0],"8":[0,0],"9":[0,0],"10":[0,0],"11":[0,0],"12":[0,0],"13":[0,0],"14":[0,0],"15":[0,0],"16":[0,3]},"inputSourceMap":null,"_coverageSchema":"1a1c01bbd47fc00a2c39e90264f33305004495a9","hash":"a1e601b5ad5ba4442082d9975121525cc5e88852"}
,"C:\\Users\\25448\\Desktop\\uniquenames_net\\backend\\controllers\\auditController.js": {"path":"C:\\Users\\25448\\Desktop\\uniquenames_net\\backend\\controllers\\auditController.js","statementMap":{"0":{"start":{"line":7,"column":31},"end":{"line":81,"column":1}},"1":{"start":{"line":12,"column":4},"end":{"line":29,"column":5}},"2":{"start":{"line":13,"column":17},"end":{"line":13,"column":30}},"3":{"start":{"line":15,"column":22},"end":{"line":22,"column":7}},"4":{"start":{"line":24,"column":19},"end":{"line":24,"column":48}},"5":{"start":{"line":25,"column":6},"end":{"line":25,"column":25}},"6":{"start":{"line":27,"column":6},"end":{"line":27,"column":40}},"7":{"start":{"line":28,"column":6},"end":{"line":28,"column":53}},"8":{"start":{"line":36,"column":4},"end":{"line":48,"column":5}},"9":{"start":{"line":37,"column":17},"end":{"line":37,"column":30}},"10":{"start":{"line":38,"column":18},"end":{"line":38,"column":54}},"11":{"start":{"line":40,"column":6},"end":{"line":42,"column":7}},"12":{"start":{"line":41,"column":8},"end":{"line":41,"column":70}},"13":{"start":{"line":44,"column":6},"end":{"line":44,"column":24}},"14":{"start":{"line":46,"column":6},"end":{"line":46,"column":40}},"15":{"start":{"line":47,"column":6},"end":{"line":47,"column":53}},"16":{"start":{"line":55,"column":4},"end":{"line":64,"column":5}},"17":{"start":{"line":56,"column":17},"end":{"line":56,"column":30}},"18":{"start":{"line":57,"column":20},"end":{"line":57,"column":41}},"19":{"start":{"line":58,"column":27},"end":{"line":58,"column":55}},"20":{"start":{"line":60,"column":6},"end":{"line":60,"column":40}},"21":{"start":{"line":62,"column":6},"end":{"line":62,"column":40}},"22":{"start":{"line":63,"column":6},"end":{"line":63,"column":53}},"23":{"start":{"line":71,"column":4},"end":{"line":79,"column":5}},"24":{"start":{"line":72,"column":17},"end":{"line":72,"column":30}},"25":{"start":{"line":73,"column":6},"end":{"line":73,"column":25}},"26":{"start":{"line":75,"column":6},"end":{"line":75,"column":54}},"27":{"start":{"line":77,"column":6},"end":{"line":77,"column":40}},"28":{"start":{"line":78,"column":6},"end":{"line":78,"column":53}}},"fnMap":{"0":{"name":"(anonymous_0)","decl":{"start":{"line":11,"column":2},"end":{"line":11,"column":3}},"loc":{"start":{"line":11,"column":19},"end":{"line":30,"column":3}},"line":11},"1":{"name":"(anonymous_1)","decl":{"start":{"line":35,"column":2},"end":{"line":35,"column":3}},"loc":{"start":{"line":35,"column":20},"end":{"line":49,"column":3}},"line":35},"2":{"name":"(anonymous_2)","decl":{"start":{"line":54,"column":2},"end":{"line":54,"column":3}},"loc":{"start":{"line":54,"column":21},"end":{"line":65,"column":3}},"line":54},"3":{"name":"(anonymous_3)","decl":{"start":{"line":70,"column":2},"end":{"line":70,"column":3}},"loc":{"start":{"line":70,"column":18},"end":{"line":80,"column":3}},"line":70}},"branchMap":{"0":{"loc":{"start":{"line":16,"column":15},"end":{"line":16,"column":53}},"type":"binary-expr","locations":[{"start":{"line":16,"column":15},"end":{"line":16,"column":40}},{"start":{"line":16,"column":44},"end":{"line":16,"column":53}}],"line":16},"1":{"loc":{"start":{"line":17,"column":16},"end":{"line":17,"column":55}},"type":"binary-expr","locations":[{"start":{"line":17,"column":16},"end":{"line":17,"column":42}},{"start":{"line":17,"column":46},"end":{"line":17,"column":55}}],"line":17},"2":{"loc":{"start":{"line":18,"column":15},"end":{"line":18,"column":43}},"type":"binary-expr","locations":[{"start":{"line":18,"column":15},"end":{"line":18,"column":30}},{"start":{"line":18,"column":34},"end":{"line":18,"column":43}}],"line":18},"3":{"loc":{"start":{"line":19,"column":17},"end":{"line":21,"column":21}},"type":"cond-expr","locations":[{"start":{"line":20,"column":12},"end":{"line":20,"column":40}},{"start":{"line":21,"column":12},"end":{"line":21,"column":21}}],"line":19},"4":{"loc":{"start":{"line":40,"column":6},"end":{"line":42,"column":7}},"type":"if","locations":[{"start":{"line":40,"column":6},"end":{"line":42,"column":7}},{"start":{},"end":{}}],"line":40}},"s":{"0":3,"1":3,"2":3,"3":3,"4":3,"5":3,"6":0,"7":0,"8":1,"9":1,"10":1,"11":1,"12":0,"13":1,"14":0,"15":0,"16":1,"17":1,"18":1,"19":1,"20":1,"21":0,"22":0,"23":1,"24":1,"25":1,"26":1,"27":0,"28":0},"f":{"0":3,"1":1,"2":1,"3":1},"b":{"0":[3,2],"1":[3,3],"2":[3,2],"3":[0,3],"4":[0,1]},"inputSourceMap":null,"_coverageSchema":"1a1c01bbd47fc00a2c39e90264f33305004495a9","hash":"4371e4c4112e66f5b5c38dc48d6277975096a46d"}
,"C:\\Users\\25448\\Desktop\\uniquenames_net\\backend\\controllers\\promptController.js": {"path":"C:\\Users\\25448\\Desktop\\uniquenames_net\\backend\\controllers\\promptController.js","statementMap":{"0":{"start":{"line":7,"column":32},"end":{"line":171,"column":1}},"1":{"start":{"line":12,"column":4},"end":{"line":19,"column":5}},"2":{"start":{"line":13,"column":17},"end":{"line":13,"column":30}},"3":{"start":{"line":14,"column":22},"end":{"line":14,"column":40}},"4":{"start":{"line":15,"column":6},"end":{"line":15,"column":28}},"5":{"start":{"line":17,"column":6},"end":{"line":17,"column":39}},"6":{"start":{"line":18,"column":6},"end":{"line":18,"column":53}},"7":{"start":{"line":26,"column":4},"end":{"line":38,"column":5}},"8":{"start":{"line":27,"column":17},"end":{"line":27,"column":30}},"9":{"start":{"line":28,"column":21},"end":{"line":28,"column":55}},"10":{"start":{"line":30,"column":6},"end":{"line":32,"column":7}},"11":{"start":{"line":31,"column":8},"end":{"line":31,"column":67}},"12":{"start":{"line":34,"column":6},"end":{"line":34,"column":27}},"13":{"start":{"line":36,"column":6},"end":{"line":36,"column":39}},"14":{"start":{"line":37,"column":6},"end":{"line":37,"column":53}},"15":{"start":{"line":45,"column":4},"end":{"line":57,"column":5}},"16":{"start":{"line":46,"column":17},"end":{"line":46,"column":30}},"17":{"start":{"line":47,"column":21},"end":{"line":47,"column":57}},"18":{"start":{"line":49,"column":6},"end":{"line":51,"column":7}},"19":{"start":{"line":50,"column":8},"end":{"line":50,"column":86}},"20":{"start":{"line":53,"column":6},"end":{"line":53,"column":27}},"21":{"start":{"line":55,"column":6},"end":{"line":55,"column":41}},"22":{"start":{"line":56,"column":6},"end":{"line":56,"column":53}},"23":{"start":{"line":64,"column":4},"end":{"line":88,"column":5}},"24":{"start":{"line":65,"column":70},"end":{"line":65,"column":78}},"25":{"start":{"line":68,"column":6},"end":{"line":72,"column":7}},"26":{"start":{"line":69,"column":8},"end":{"line":71,"column":11}},"27":{"start":{"line":74,"column":17},"end":{"line":74,"column":30}},"28":{"start":{"line":75,"column":17},"end":{"line":82,"column":8}},"29":{"start":{"line":84,"column":6},"end":{"line":84,"column":75}},"30":{"start":{"line":86,"column":6},"end":{"line":86,"column":39}},"31":{"start":{"line":87,"column":6},"end":{"line":87,"column":53}},"32":{"start":{"line":95,"column":4},"end":{"line":111,"column":5}},"33":{"start":{"line":96,"column":17},"end":{"line":96,"column":30}},"34":{"start":{"line":97,"column":17},"end":{"line":97,"column":30}},"35":{"start":{"line":100,"column":23},"end":{"line":100,"column":46}},"36":{"start":{"line":101,"column":6},"end":{"line":103,"column":7}},"37":{"start":{"line":102,"column":8},"end":{"line":102,"column":67}},"38":{"start":{"line":105,"column":6},"end":{"line":105,"column":38}},"39":{"start":{"line":107,"column":6},"end":{"line":107,"column":59}},"40":{"start":{"line":109,"column":6},"end":{"line":109,"column":39}},"41":{"start":{"line":110,"column":6},"end":{"line":110,"column":53}},"42":{"start":{"line":118,"column":4},"end":{"line":139,"column":5}},"43":{"start":{"line":119,"column":17},"end":{"line":119,"column":30}},"44":{"start":{"line":120,"column":17},"end":{"line":120,"column":30}},"45":{"start":{"line":121,"column":22},"end":{"line":121,"column":30}},"46":{"start":{"line":123,"column":6},"end":{"line":125,"column":7}},"47":{"start":{"line":124,"column":8},"end":{"line":124,"column":66}},"48":{"start":{"line":128,"column":21},"end":{"line":128,"column":44}},"49":{"start":{"line":129,"column":6},"end":{"line":131,"column":7}},"50":{"start":{"line":130,"column":8},"end":{"line":130,"column":67}},"51":{"start":{"line":133,"column":6},"end":{"line":133,"column":36}},"52":{"start":{"line":135,"column":6},"end":{"line":135,"column":61}},"53":{"start":{"line":137,"column":6},"end":{"line":137,"column":39}},"54":{"start":{"line":138,"column":6},"end":{"line":138,"column":53}},"55":{"start":{"line":146,"column":4},"end":{"line":169,"column":5}},"56":{"start":{"line":147,"column":17},"end":{"line":147,"column":30}},"57":{"start":{"line":148,"column":17},"end":{"line":148,"column":30}},"58":{"start":{"line":151,"column":21},"end":{"line":151,"column":44}},"59":{"start":{"line":152,"column":6},"end":{"line":154,"column":7}},"60":{"start":{"line":153,"column":8},"end":{"line":153,"column":67}},"61":{"start":{"line":157,"column":6},"end":{"line":161,"column":7}},"62":{"start":{"line":158,"column":8},"end":{"line":160,"column":11}},"63":{"start":{"line":163,"column":6},"end":{"line":163,"column":28}},"64":{"start":{"line":165,"column":6},"end":{"line":165,"column":59}},"65":{"start":{"line":167,"column":6},"end":{"line":167,"column":39}},"66":{"start":{"line":168,"column":6},"end":{"line":168,"column":53}}},"fnMap":{"0":{"name":"(anonymous_0)","decl":{"start":{"line":11,"column":2},"end":{"line":11,"column":3}},"loc":{"start":{"line":11,"column":19},"end":{"line":20,"column":3}},"line":11},"1":{"name":"(anonymous_1)","decl":{"start":{"line":25,"column":2},"end":{"line":25,"column":3}},"loc":{"start":{"line":25,"column":20},"end":{"line":39,"column":3}},"line":25},"2":{"name":"(anonymous_2)","decl":{"start":{"line":44,"column":2},"end":{"line":44,"column":3}},"loc":{"start":{"line":44,"column":22},"end":{"line":58,"column":3}},"line":44},"3":{"name":"(anonymous_3)","decl":{"start":{"line":63,"column":2},"end":{"line":63,"column":3}},"loc":{"start":{"line":63,"column":19},"end":{"line":89,"column":3}},"line":63},"4":{"name":"(anonymous_4)","decl":{"start":{"line":94,"column":2},"end":{"line":94,"column":3}},"loc":{"start":{"line":94,"column":19},"end":{"line":112,"column":3}},"line":94},"5":{"name":"(anonymous_5)","decl":{"start":{"line":117,"column":2},"end":{"line":117,"column":3}},"loc":{"start":{"line":117,"column":21},"end":{"line":140,"column":3}},"line":117},"6":{"name":"(anonymous_6)","decl":{"start":{"line":145,"column":2},"end":{"line":145,"column":3}},"loc":{"start":{"line":145,"column":19},"end":{"line":170,"column":3}},"line":145}},"branchMap":{"0":{"loc":{"start":{"line":30,"column":6},"end":{"line":32,"column":7}},"type":"if","locations":[{"start":{"line":30,"column":6},"end":{"line":32,"column":7}},{"start":{},"end":{}}],"line":30},"1":{"loc":{"start":{"line":49,"column":6},"end":{"line":51,"column":7}},"type":"if","locations":[{"start":{"line":49,"column":6},"end":{"line":51,"column":7}},{"start":{},"end":{}}],"line":49},"2":{"loc":{"start":{"line":68,"column":6},"end":{"line":72,"column":7}},"type":"if","locations":[{"start":{"line":68,"column":6},"end":{"line":72,"column":7}},{"start":{},"end":{}}],"line":68},"3":{"loc":{"start":{"line":68,"column":10},"end":{"line":68,"column":47}},"type":"binary-expr","locations":[{"start":{"line":68,"column":10},"end":{"line":68,"column":15}},{"start":{"line":68,"column":19},"end":{"line":68,"column":27}},{"start":{"line":68,"column":31},"end":{"line":68,"column":35}},{"start":{"line":68,"column":39},"end":{"line":68,"column":47}}],"line":68},"4":{"loc":{"start":{"line":101,"column":6},"end":{"line":103,"column":7}},"type":"if","locations":[{"start":{"line":101,"column":6},"end":{"line":103,"column":7}},{"start":{},"end":{}}],"line":101},"5":{"loc":{"start":{"line":123,"column":6},"end":{"line":125,"column":7}},"type":"if","locations":[{"start":{"line":123,"column":6},"end":{"line":125,"column":7}},{"start":{},"end":{}}],"line":123},"6":{"loc":{"start":{"line":129,"column":6},"end":{"line":131,"column":7}},"type":"if","locations":[{"start":{"line":129,"column":6},"end":{"line":131,"column":7}},{"start":{},"end":{}}],"line":129},"7":{"loc":{"start":{"line":152,"column":6},"end":{"line":154,"column":7}},"type":"if","locations":[{"start":{"line":152,"column":6},"end":{"line":154,"column":7}},{"start":{},"end":{}}],"line":152},"8":{"loc":{"start":{"line":157,"column":6},"end":{"line":161,"column":7}},"type":"if","locations":[{"start":{"line":157,"column":6},"end":{"line":161,"column":7}},{"start":{},"end":{}}],"line":157}},"s":{"0":3,"1":1,"2":1,"3":1,"4":1,"5":0,"6":0,"7":1,"8":1,"9":1,"10":1,"11":0,"12":1,"13":0,"14":0,"15":0,"16":0,"17":0,"18":0,"19":0,"20":0,"21":0,"22":0,"23":1,"24":1,"25":1,"26":0,"27":1,"28":1,"29":1,"30":0,"31":0,"32":1,"33":1,"34":1,"35":1,"36":1,"37":0,"38":1,"39":1,"40":0,"41":0,"42":1,"43":1,"44":1,"45":1,"46":1,"47":0,"48":1,"49":1,"50":0,"51":1,"52":1,"53":0,"54":0,"55":1,"56":1,"57":1,"58":1,"59":1,"60":0,"61":1,"62":0,"63":1,"64":1,"65":0,"66":0},"f":{"0":1,"1":1,"2":0,"3":1,"4":1,"5":1,"6":1},"b":{"0":[0,1],"1":[0,0],"2":[0,1],"3":[1,1,1,1],"4":[0,1],"5":[0,1],"6":[0,1],"7":[0,1],"8":[0,1]},"inputSourceMap":null,"_coverageSchema":"1a1c01bbd47fc00a2c39e90264f33305004495a9","hash":"5f46294d5ad0a3ca00320f3eb9e73a6be457075b"}
,"C:\\Users\\25448\\Desktop\\uniquenames_net\\backend\\models\\AuditLog.js": {"path":"C:\\Users\\25448\\Desktop\\uniquenames_net\\backend\\models\\AuditLog.js","statementMap":{"0":{"start":{"line":5,"column":24},"end":{"line":149,"column":1}},"1":{"start":{"line":10,"column":17},"end":{"line":16,"column":6}},"2":{"start":{"line":18,"column":19},"end":{"line":31,"column":5}},"3":{"start":{"line":33,"column":4},"end":{"line":33,"column":34}},"4":{"start":{"line":40,"column":17},"end":{"line":40,"column":68}},"5":{"start":{"line":41,"column":4},"end":{"line":41,"column":32}},"6":{"start":{"line":48,"column":14},"end":{"line":48,"column":50}},"7":{"start":{"line":49,"column":19},"end":{"line":49,"column":21}},"8":{"start":{"line":52,"column":4},"end":{"line":55,"column":5}},"9":{"start":{"line":53,"column":6},"end":{"line":53,"column":30}},"10":{"start":{"line":54,"column":6},"end":{"line":54,"column":33}},"11":{"start":{"line":57,"column":4},"end":{"line":60,"column":5}},"12":{"start":{"line":58,"column":6},"end":{"line":58,"column":32}},"13":{"start":{"line":59,"column":6},"end":{"line":59,"column":43}},"14":{"start":{"line":62,"column":4},"end":{"line":65,"column":5}},"15":{"start":{"line":63,"column":6},"end":{"line":63,"column":35}},"16":{"start":{"line":64,"column":6},"end":{"line":64,"column":37}},"17":{"start":{"line":67,"column":4},"end":{"line":70,"column":5}},"18":{"start":{"line":68,"column":6},"end":{"line":68,"column":35}},"19":{"start":{"line":69,"column":6},"end":{"line":69,"column":35}},"20":{"start":{"line":73,"column":4},"end":{"line":73,"column":38}},"21":{"start":{"line":76,"column":4},"end":{"line":84,"column":5}},"22":{"start":{"line":77,"column":6},"end":{"line":77,"column":24}},"23":{"start":{"line":78,"column":6},"end":{"line":78,"column":33}},"24":{"start":{"line":80,"column":6},"end":{"line":83,"column":7}},"25":{"start":{"line":81,"column":8},"end":{"line":81,"column":27}},"26":{"start":{"line":82,"column":8},"end":{"line":82,"column":36}},"27":{"start":{"line":86,"column":17},"end":{"line":86,"column":32}},"28":{"start":{"line":87,"column":4},"end":{"line":87,"column":31}},"29":{"start":{"line":94,"column":18},"end":{"line":103,"column":12}},"30":{"start":{"line":105,"column":4},"end":{"line":112,"column":6}},"31":{"start":{"line":119,"column":17},"end":{"line":129,"column":6}},"32":{"start":{"line":131,"column":4},"end":{"line":131,"column":22}},"33":{"start":{"line":138,"column":17},"end":{"line":138,"column":66}},"34":{"start":{"line":139,"column":4},"end":{"line":139,"column":24}},"35":{"start":{"line":146,"column":17},"end":{"line":146,"column":53}},"36":{"start":{"line":147,"column":4},"end":{"line":147,"column":22}}},"fnMap":{"0":{"name":"(anonymous_0)","decl":{"start":{"line":9,"column":2},"end":{"line":9,"column":3}},"loc":{"start":{"line":9,"column":19},"end":{"line":34,"column":3}},"line":9},"1":{"name":"(anonymous_1)","decl":{"start":{"line":39,"column":2},"end":{"line":39,"column":3}},"loc":{"start":{"line":39,"column":19},"end":{"line":42,"column":3}},"line":39},"2":{"name":"(anonymous_2)","decl":{"start":{"line":47,"column":2},"end":{"line":47,"column":3}},"loc":{"start":{"line":47,"column":28},"end":{"line":88,"column":3}},"line":47},"3":{"name":"(anonymous_3)","decl":{"start":{"line":93,"column":2},"end":{"line":93,"column":3}},"loc":{"start":{"line":93,"column":15},"end":{"line":113,"column":3}},"line":93},"4":{"name":"(anonymous_4)","decl":{"start":{"line":118,"column":2},"end":{"line":118,"column":3}},"loc":{"start":{"line":118,"column":22},"end":{"line":132,"column":3}},"line":118},"5":{"name":"(anonymous_5)","decl":{"start":{"line":137,"column":2},"end":{"line":137,"column":3}},"loc":{"start":{"line":137,"column":17},"end":{"line":140,"column":3}},"line":137},"6":{"name":"(anonymous_6)","decl":{"start":{"line":145,"column":2},"end":{"line":145,"column":3}},"loc":{"start":{"line":145,"column":12},"end":{"line":148,"column":3}},"line":145}},"branchMap":{"0":{"loc":{"start":{"line":20,"column":6},"end":{"line":20,"column":27}},"type":"binary-expr","locations":[{"start":{"line":20,"column":6},"end":{"line":20,"column":19}},{"start":{"line":20,"column":23},"end":{"line":20,"column":27}}],"line":20},"1":{"loc":{"start":{"line":23,"column":6},"end":{"line":23,"column":28}},"type":"binary-expr","locations":[{"start":{"line":23,"column":6},"end":{"line":23,"column":20}},{"start":{"line":23,"column":24},"end":{"line":23,"column":28}}],"line":23},"2":{"loc":{"start":{"line":24,"column":6},"end":{"line":24,"column":31}},"type":"binary-expr","locations":[{"start":{"line":24,"column":6},"end":{"line":24,"column":23}},{"start":{"line":24,"column":27},"end":{"line":24,"column":31}}],"line":24},"3":{"loc":{"start":{"line":25,"column":6},"end":{"line":25,"column":35}},"type":"binary-expr","locations":[{"start":{"line":25,"column":6},"end":{"line":25,"column":27}},{"start":{"line":25,"column":31},"end":{"line":25,"column":35}}],"line":25},"4":{"loc":{"start":{"line":26,"column":6},"end":{"line":26,"column":30}},"type":"binary-expr","locations":[{"start":{"line":26,"column":6},"end":{"line":26,"column":22}},{"start":{"line":26,"column":26},"end":{"line":26,"column":30}}],"line":26},"5":{"loc":{"start":{"line":27,"column":6},"end":{"line":27,"column":26}},"type":"binary-expr","locations":[{"start":{"line":27,"column":6},"end":{"line":27,"column":18}},{"start":{"line":27,"column":22},"end":{"line":27,"column":26}}],"line":27},"6":{"loc":{"start":{"line":29,"column":6},"end":{"line":29,"column":26}},"type":"cond-expr","locations":[{"start":{"line":29,"column":21},"end":{"line":29,"column":22}},{"start":{"line":29,"column":25},"end":{"line":29,"column":26}}],"line":29},"7":{"loc":{"start":{"line":30,"column":6},"end":{"line":30,"column":24}},"type":"binary-expr","locations":[{"start":{"line":30,"column":6},"end":{"line":30,"column":16}},{"start":{"line":30,"column":20},"end":{"line":30,"column":24}}],"line":30},"8":{"loc":{"start":{"line":41,"column":11},"end":{"line":41,"column":31}},"type":"binary-expr","locations":[{"start":{"line":41,"column":11},"end":{"line":41,"column":23}},{"start":{"line":41,"column":27},"end":{"line":41,"column":31}}],"line":41},"9":{"loc":{"start":{"line":47,"column":14},"end":{"line":47,"column":26}},"type":"default-arg","locations":[{"start":{"line":47,"column":24},"end":{"line":47,"column":26}}],"line":47},"10":{"loc":{"start":{"line":52,"column":4},"end":{"line":55,"column":5}},"type":"if","locations":[{"start":{"line":52,"column":4},"end":{"line":55,"column":5}},{"start":{},"end":{}}],"line":52},"11":{"loc":{"start":{"line":57,"column":4},"end":{"line":60,"column":5}},"type":"if","locations":[{"start":{"line":57,"column":4},"end":{"line":60,"column":5}},{"start":{},"end":{}}],"line":57},"12":{"loc":{"start":{"line":59,"column":18},"end":{"line":59,"column":41}},"type":"cond-expr","locations":[{"start":{"line":59,"column":36},"end":{"line":59,"column":37}},{"start":{"line":59,"column":40},"end":{"line":59,"column":41}}],"line":59},"13":{"loc":{"start":{"line":62,"column":4},"end":{"line":65,"column":5}},"type":"if","locations":[{"start":{"line":62,"column":4},"end":{"line":65,"column":5}},{"start":{},"end":{}}],"line":62},"14":{"loc":{"start":{"line":67,"column":4},"end":{"line":70,"column":5}},"type":"if","locations":[{"start":{"line":67,"column":4},"end":{"line":70,"column":5}},{"start":{},"end":{}}],"line":67},"15":{"loc":{"start":{"line":76,"column":4},"end":{"line":84,"column":5}},"type":"if","locations":[{"start":{"line":76,"column":4},"end":{"line":84,"column":5}},{"start":{},"end":{}}],"line":76},"16":{"loc":{"start":{"line":80,"column":6},"end":{"line":83,"column":7}},"type":"if","locations":[{"start":{"line":80,"column":6},"end":{"line":83,"column":7}},{"start":{},"end":{}}],"line":80}},"s":{"0":4,"1":28,"2":28,"3":28,"4":3,"5":3,"6":10,"7":10,"8":10,"9":2,"10":2,"11":10,"12":1,"13":1,"14":10,"15":0,"16":0,"17":10,"18":0,"19":0,"20":10,"21":10,"22":4,"23":4,"24":4,"25":2,"26":2,"27":10,"28":10,"29":2,"30":2,"31":1,"32":1,"33":0,"34":0,"35":1,"36":1},"f":{"0":28,"1":3,"2":10,"3":2,"4":1,"5":0,"6":1},"b":{"0":[28,27],"1":[28,3],"2":[28,27],"3":[28,27],"4":[28,24],"5":[28,24],"6":[25,3],"7":[28,26],"8":[3,0],"9":[2],"10":[2,8],"11":[1,9],"12":[1,0],"13":[0,10],"14":[0,10],"15":[4,6],"16":[2,2]},"inputSourceMap":null,"_coverageSchema":"1a1c01bbd47fc00a2c39e90264f33305004495a9","hash":"0cacde20fe8b0782c569aebbb2957523b83c4b8d"}
,"C:\\Users\\25448\\Desktop\\uniquenames_net\\backend\\models\\Prompt.js": {"path":"C:\\Users\\25448\\Desktop\\uniquenames_net\\backend\\models\\Prompt.js","statementMap":{"0":{"start":{"line":5,"column":22},"end":{"line":127,"column":1}},"1":{"start":{"line":10,"column":17},"end":{"line":13,"column":6}},"2":{"start":{"line":15,"column":19},"end":{"line":22,"column":5}},"3":{"start":{"line":24,"column":4},"end":{"line":24,"column":34}},"4":{"start":{"line":31,"column":17},"end":{"line":31,"column":77}},"5":{"start":{"line":32,"column":4},"end":{"line":32,"column":22}},"6":{"start":{"line":39,"column":17},"end":{"line":39,"column":65}},"7":{"start":{"line":40,"column":4},"end":{"line":40,"column":32}},"8":{"start":{"line":47,"column":17},"end":{"line":47,"column":91}},"9":{"start":{"line":48,"column":4},"end":{"line":48,"column":25}},"10":{"start":{"line":55,"column":17},"end":{"line":55,"column":84}},"11":{"start":{"line":56,"column":4},"end":{"line":56,"column":33}},"12":{"start":{"line":63,"column":24},"end":{"line":71,"column":6}},"13":{"start":{"line":65,"column":29},"end":{"line":65,"column":89}},"14":{"start":{"line":66,"column":6},"end":{"line":66,"column":30}},"15":{"start":{"line":69,"column":27},"end":{"line":69,"column":118}},"16":{"start":{"line":70,"column":6},"end":{"line":70,"column":27}},"17":{"start":{"line":73,"column":4},"end":{"line":73,"column":18}},"18":{"start":{"line":80,"column":19},"end":{"line":80,"column":21}},"19":{"start":{"line":81,"column":19},"end":{"line":81,"column":21}},"20":{"start":{"line":83,"column":4},"end":{"line":86,"column":5}},"21":{"start":{"line":84,"column":6},"end":{"line":84,"column":30}},"22":{"start":{"line":85,"column":6},"end":{"line":85,"column":29}},"23":{"start":{"line":87,"column":4},"end":{"line":90,"column":5}},"24":{"start":{"line":88,"column":6},"end":{"line":88,"column":33}},"25":{"start":{"line":89,"column":6},"end":{"line":89,"column":32}},"26":{"start":{"line":91,"column":4},"end":{"line":94,"column":5}},"27":{"start":{"line":92,"column":6},"end":{"line":92,"column":29}},"28":{"start":{"line":93,"column":6},"end":{"line":93,"column":28}},"29":{"start":{"line":95,"column":4},"end":{"line":98,"column":5}},"30":{"start":{"line":96,"column":6},"end":{"line":96,"column":33}},"31":{"start":{"line":97,"column":6},"end":{"line":97,"column":32}},"32":{"start":{"line":99,"column":4},"end":{"line":102,"column":5}},"33":{"start":{"line":100,"column":6},"end":{"line":100,"column":39}},"34":{"start":{"line":101,"column":6},"end":{"line":101,"column":37}},"35":{"start":{"line":103,"column":4},"end":{"line":106,"column":5}},"36":{"start":{"line":104,"column":6},"end":{"line":104,"column":35}},"37":{"start":{"line":105,"column":6},"end":{"line":105,"column":41}},"38":{"start":{"line":108,"column":4},"end":{"line":108,"column":50}},"39":{"start":{"line":109,"column":4},"end":{"line":109,"column":20}},"40":{"start":{"line":111,"column":17},"end":{"line":115,"column":6}},"41":{"start":{"line":117,"column":4},"end":{"line":117,"column":31}},"42":{"start":{"line":124,"column":17},"end":{"line":124,"column":63}},"43":{"start":{"line":125,"column":4},"end":{"line":125,"column":24}}},"fnMap":{"0":{"name":"(anonymous_0)","decl":{"start":{"line":9,"column":2},"end":{"line":9,"column":3}},"loc":{"start":{"line":9,"column":19},"end":{"line":25,"column":3}},"line":9},"1":{"name":"(anonymous_1)","decl":{"start":{"line":30,"column":2},"end":{"line":30,"column":3}},"loc":{"start":{"line":30,"column":14},"end":{"line":33,"column":3}},"line":30},"2":{"name":"(anonymous_2)","decl":{"start":{"line":38,"column":2},"end":{"line":38,"column":3}},"loc":{"start":{"line":38,"column":19},"end":{"line":41,"column":3}},"line":38},"3":{"name":"(anonymous_3)","decl":{"start":{"line":46,"column":2},"end":{"line":46,"column":3}},"loc":{"start":{"line":46,"column":21},"end":{"line":49,"column":3}},"line":46},"4":{"name":"(anonymous_4)","decl":{"start":{"line":54,"column":2},"end":{"line":54,"column":3}},"loc":{"start":{"line":54,"column":21},"end":{"line":57,"column":3}},"line":54},"5":{"name":"(anonymous_5)","decl":{"start":{"line":62,"column":2},"end":{"line":62,"column":3}},"loc":{"start":{"line":62,"column":25},"end":{"line":74,"column":3}},"line":62},"6":{"name":"(anonymous_6)","decl":{"start":{"line":63,"column":39},"end":{"line":63,"column":40}},"loc":{"start":{"line":63,"column":45},"end":{"line":71,"column":5}},"line":63},"7":{"name":"(anonymous_7)","decl":{"start":{"line":79,"column":2},"end":{"line":79,"column":3}},"loc":{"start":{"line":79,"column":23},"end":{"line":118,"column":3}},"line":79},"8":{"name":"(anonymous_8)","decl":{"start":{"line":123,"column":2},"end":{"line":123,"column":3}},"loc":{"start":{"line":123,"column":17},"end":{"line":126,"column":3}},"line":123}},"branchMap":{"0":{"loc":{"start":{"line":20,"column":6},"end":{"line":20,"column":31}},"type":"binary-expr","locations":[{"start":{"line":20,"column":6},"end":{"line":20,"column":23}},{"start":{"line":20,"column":27},"end":{"line":20,"column":31}}],"line":20},"1":{"loc":{"start":{"line":21,"column":6},"end":{"line":21,"column":27}},"type":"cond-expr","locations":[{"start":{"line":21,"column":22},"end":{"line":21,"column":23}},{"start":{"line":21,"column":26},"end":{"line":21,"column":27}}],"line":21},"2":{"loc":{"start":{"line":40,"column":11},"end":{"line":40,"column":31}},"type":"binary-expr","locations":[{"start":{"line":40,"column":11},"end":{"line":40,"column":23}},{"start":{"line":40,"column":27},"end":{"line":40,"column":31}}],"line":40},"3":{"loc":{"start":{"line":56,"column":11},"end":{"line":56,"column":32}},"type":"binary-expr","locations":[{"start":{"line":56,"column":11},"end":{"line":56,"column":24}},{"start":{"line":56,"column":28},"end":{"line":56,"column":32}}],"line":56},"4":{"loc":{"start":{"line":83,"column":4},"end":{"line":86,"column":5}},"type":"if","locations":[{"start":{"line":83,"column":4},"end":{"line":86,"column":5}},{"start":{},"end":{}}],"line":83},"5":{"loc":{"start":{"line":87,"column":4},"end":{"line":90,"column":5}},"type":"if","locations":[{"start":{"line":87,"column":4},"end":{"line":90,"column":5}},{"start":{},"end":{}}],"line":87},"6":{"loc":{"start":{"line":91,"column":4},"end":{"line":94,"column":5}},"type":"if","locations":[{"start":{"line":91,"column":4},"end":{"line":94,"column":5}},{"start":{},"end":{}}],"line":91},"7":{"loc":{"start":{"line":95,"column":4},"end":{"line":98,"column":5}},"type":"if","locations":[{"start":{"line":95,"column":4},"end":{"line":98,"column":5}},{"start":{},"end":{}}],"line":95},"8":{"loc":{"start":{"line":99,"column":4},"end":{"line":102,"column":5}},"type":"if","locations":[{"start":{"line":99,"column":4},"end":{"line":102,"column":5}},{"start":{},"end":{}}],"line":99},"9":{"loc":{"start":{"line":103,"column":4},"end":{"line":106,"column":5}},"type":"if","locations":[{"start":{"line":103,"column":4},"end":{"line":106,"column":5}},{"start":{},"end":{}}],"line":103},"10":{"loc":{"start":{"line":105,"column":18},"end":{"line":105,"column":39}},"type":"cond-expr","locations":[{"start":{"line":105,"column":34},"end":{"line":105,"column":35}},{"start":{"line":105,"column":38},"end":{"line":105,"column":39}}],"line":105}},"s":{"0":5,"1":19,"2":19,"3":19,"4":2,"5":2,"6":10,"7":10,"8":1,"9":1,"10":2,"11":2,"12":2,"13":2,"14":2,"15":2,"16":2,"17":2,"18":2,"19":2,"20":2,"21":2,"22":2,"23":2,"24":0,"25":0,"26":2,"27":0,"28":0,"29":2,"30":2,"31":2,"32":2,"33":0,"34":0,"35":2,"36":0,"37":0,"38":2,"39":2,"40":2,"41":2,"42":2,"43":2},"f":{"0":19,"1":2,"2":10,"3":1,"4":2,"5":2,"6":2,"7":2,"8":2},"b":{"0":[19,17],"1":[11,8],"2":[10,2],"3":[2,0],"4":[2,0],"5":[0,2],"6":[0,2],"7":[2,0],"8":[0,2],"9":[0,2],"10":[0,0]},"inputSourceMap":null,"_coverageSchema":"1a1c01bbd47fc00a2c39e90264f33305004495a9","hash":"8f1af745b0817210a9366983014a8b5ae9fbdabd"}
,"C:\\Users\\25448\\Desktop\\uniquenames_net\\backend\\prompts\\generator.js": {"path":"C:\\Users\\25448\\Desktop\\uniquenames_net\\backend\\prompts\\generator.js","statementMap":{"0":{"start":{"line":5,"column":19},"end":{"line":5,"column":49}},"1":{"start":{"line":6,"column":18},"end":{"line":6,"column":42}},"2":{"start":{"line":14,"column":2},"end":{"line":16,"column":3}},"3":{"start":{"line":15,"column":4},"end":{"line":15,"column":48}},"4":{"start":{"line":19,"column":23},"end":{"line":19,"column":80}},"5":{"start":{"line":20,"column":19},"end":{"line":20,"column":57}},"6":{"start":{"line":23,"column":17},"end":{"line":23,"column":88}},"7":{"start":{"line":25,"column":2},"end":{"line":25,"column":16}}},"fnMap":{"0":{"name":"generatePrompt","decl":{"start":{"line":13,"column":16},"end":{"line":13,"column":30}},"loc":{"start":{"line":13,"column":44},"end":{"line":26,"column":1}},"line":13}},"branchMap":{"0":{"loc":{"start":{"line":14,"column":2},"end":{"line":16,"column":3}},"type":"if","locations":[{"start":{"line":14,"column":2},"end":{"line":16,"column":3}},{"start":{},"end":{}}],"line":14},"1":{"loc":{"start":{"line":14,"column":6},"end":{"line":14,"column":47}},"type":"binary-expr","locations":[{"start":{"line":14,"column":6},"end":{"line":14,"column":18}},{"start":{"line":14,"column":22},"end":{"line":14,"column":47}}],"line":14}},"s":{"0":4,"1":4,"2":3,"3":1,"4":2,"5":2,"6":2,"7":2},"f":{"0":3},"b":{"0":[1,2],"1":[3,2]},"inputSourceMap":null,"_coverageSchema":"1a1c01bbd47fc00a2c39e90264f33305004495a9","hash":"af0229ad817ae0b12a60aa73c841e823ab1e09e0"}
}
