TN:
SF:openrouter.js
FN:8,(anonymous_0)
FN:32,(anonymous_1)
FN:61,(anonymous_2)
FNF:3
FNH:1
FNDA:3,(anonymous_0)
FNDA:0,(anonymous_1)
FNDA:0,(anonymous_2)
DA:9,3
DA:10,1
DA:13,2
DA:14,2
DA:17,2
DA:33,0
DA:34,0
DA:45,0
DA:46,0
DA:47,0
DA:48,0
DA:52,0
DA:62,0
DA:63,0
DA:74,0
DA:76,0
LF:16
LH:5
BRDA:8,0,0,3
BRDA:9,1,0,1
BRDA:9,1,1,2
BRDA:47,2,0,0
BRDA:47,2,1,0
BRDA:74,3,0,0
BRDA:74,3,1,0
BRF:7
BRH:3
end_of_record
TN:
SF:server.js
FN:18,(anonymous_0)
FN:23,(anonymous_1)
FN:65,(anonymous_2)
FNF:3
FNH:2
FNDA:1,(anonymous_0)
FNDA:2,(anonymous_1)
FNDA:0,(anonymous_2)
DA:8,1
DA:10,1
DA:11,1
DA:14,1
DA:15,1
DA:18,1
DA:19,1
DA:23,1
DA:24,2
DA:27,2
DA:28,2
DA:31,0
DA:33,0
DA:34,0
DA:35,0
DA:38,0
DA:41,0
DA:42,0
DA:43,0
DA:46,0
DA:49,0
DA:50,0
DA:54,0
DA:55,0
DA:57,0
DA:58,0
DA:59,0
DA:64,1
DA:65,0
DA:66,0
LF:30
LH:12
BRDA:11,0,0,1
BRDA:11,0,1,1
BRDA:27,1,0,2
BRDA:27,1,1,0
BRDA:27,2,0,2
BRDA:27,2,1,0
BRDA:42,3,0,0
BRDA:42,3,1,0
BRDA:64,4,0,0
BRDA:64,4,1,1
BRF:10
BRH:5
end_of_record
TN:
SF:prompts\generator.js
FN:13,generatePrompt
FNF:1
FNH:1
FNDA:3,generatePrompt
DA:5,2
DA:6,2
DA:14,3
DA:15,1
DA:19,2
DA:20,2
DA:23,2
DA:25,2
LF:8
LH:8
BRDA:14,0,0,1
BRDA:14,0,1,2
BRDA:14,1,0,3
BRDA:14,1,1,2
BRF:4
BRH:4
end_of_record
